<?xml version="1.0" encoding="UTF-8"?>
<!-- Generated by org.testng.reporters.JUnitXMLReporter -->
<testsuite hostname="DN-AAVN-WS-635" ignored="0" name="RUN ON FIREFOX" tests="5" failures="0" timestamp="28 Jul 2020 09:25:25 GMT" time="39.424" errors="0">
  <testcase name="Register_01_Empty_Data" time="0.763" classname="com.liveguru.user.User_01_Register_to_System_Multi_Browser"/>
  <testcase name="Register_02_Invalid_Email" time="0.526" classname="com.liveguru.user.User_01_Register_to_System_Multi_Browser"/>
  <testcase name="Register_03_Password_Less_Than_6_Chars" time="0.568" classname="com.liveguru.user.User_01_Register_to_System_Multi_Browser"/>
  <testcase name="Register_04_Confirm_Password_Not_Matching_Password" time="0.643" classname="com.liveguru.user.User_01_Register_to_System_Multi_Browser"/>
  <testcase name="Register_05_Valid_Data" time="3.293" classname="com.liveguru.user.User_01_Register_to_System_Multi_Browser"/>
</testsuite> <!-- RUN ON FIREFOX -->
