<?xml version="1.0" encoding="UTF-8"?>
<!-- Generated by org.testng.reporters.JUnitXMLReporter -->
<testsuite hostname="DN-AAVN-WS-635" ignored="0" name="RUN ON COCCOC" tests="5" failures="0" timestamp="28 Jul 2020 09:25:52 GMT" time="0.016" errors="0">
  <testcase name="@BeforeClass beforeClass" time="0.0" classname="com.liveguru.user.User_01_Register_to_System_Multi_Browser">
    <failure type="java.lang.IllegalArgumentException" message="No enum constant commons.Browser.COCCOC">
      <![CDATA[java.lang.IllegalArgumentException: No enum constant commons.Browser.COCCOC
at java.lang.Enum.valueOf(Unknown Source)
at commons.Browser.valueOf(Browser.java:1)
at commons.AbstractTest.openMultiBrowser(AbstractTest.java:38)
at com.liveguru.user.User_01_Register_to_System_Multi_Browser.beforeClass(User_01_Register_to_System_Multi_Browser.java:32)
... Removed 26 stack frames]]>
    </failure>
  </testcase> <!-- @BeforeClass beforeClass -->
  <testcase name="@BeforeMethod beforeMethod" time="0.0" classname="com.liveguru.user.User_01_Register_to_System_Multi_Browser">
    <skipped/>
  </testcase> <!-- @BeforeMethod beforeMethod -->
  <testcase name="@BeforeMethod beforeMethod" time="0.0" classname="com.liveguru.user.User_01_Register_to_System_Multi_Browser">
    <skipped/>
  </testcase> <!-- @BeforeMethod beforeMethod -->
  <testcase name="@BeforeMethod beforeMethod" time="0.0" classname="com.liveguru.user.User_01_Register_to_System_Multi_Browser">
    <skipped/>
  </testcase> <!-- @BeforeMethod beforeMethod -->
  <testcase name="@BeforeMethod beforeMethod" time="0.0" classname="com.liveguru.user.User_01_Register_to_System_Multi_Browser">
    <skipped/>
  </testcase> <!-- @BeforeMethod beforeMethod -->
  <testcase name="@BeforeMethod beforeMethod" time="0.0" classname="com.liveguru.user.User_01_Register_to_System_Multi_Browser">
    <skipped/>
  </testcase> <!-- @BeforeMethod beforeMethod -->
  <testcase name="@AfterClass afterClass" time="0.0" classname="com.liveguru.user.User_01_Register_to_System_Multi_Browser">
    <skipped/>
  </testcase> <!-- @AfterClass afterClass -->
  <testcase name="Register_01_Empty_Data" time="0.0" classname="com.liveguru.user.User_01_Register_to_System_Multi_Browser">
    <skipped/>
  </testcase> <!-- Register_01_Empty_Data -->
  <testcase name="Register_02_Invalid_Email" time="0.0" classname="com.liveguru.user.User_01_Register_to_System_Multi_Browser">
    <skipped/>
  </testcase> <!-- Register_02_Invalid_Email -->
  <testcase name="Register_03_Password_Less_Than_6_Chars" time="0.0" classname="com.liveguru.user.User_01_Register_to_System_Multi_Browser">
    <skipped/>
  </testcase> <!-- Register_03_Password_Less_Than_6_Chars -->
  <testcase name="Register_04_Confirm_Password_Not_Matching_Password" time="0.0" classname="com.liveguru.user.User_01_Register_to_System_Multi_Browser">
    <skipped/>
  </testcase> <!-- Register_04_Confirm_Password_Not_Matching_Password -->
  <testcase name="Register_05_Valid_Data" time="0.0" classname="com.liveguru.user.User_01_Register_to_System_Multi_Browser">
    <skipped/>
  </testcase> <!-- Register_05_Valid_Data -->
</testsuite> <!-- RUN ON COCCOC -->
