<?xml version="1.0" encoding="UTF-8"?>
<!-- Generated by org.testng.reporters.JUnitXMLReporter -->
<testsuite hostname="DN-AAVN-WS-635" ignored="0" name="RUN ON CHROME" tests="5" failures="0" timestamp="28 Jul 2020 09:25:52 GMT" time="26.554" errors="0">
  <testcase name="Register_01_Empty_Data" time="0.61" classname="com.liveguru.user.User_01_Register_to_System_Multi_Browser"/>
  <testcase name="Register_02_Invalid_Email" time="0.419" classname="com.liveguru.user.User_01_Register_to_System_Multi_Browser"/>
  <testcase name="Register_03_Password_Less_Than_6_Chars" time="0.412" classname="com.liveguru.user.User_01_Register_to_System_Multi_Browser"/>
  <testcase name="Register_04_Confirm_Password_Not_Matching_Password" time="0.626" classname="com.liveguru.user.User_01_Register_to_System_Multi_Browser"/>
  <testcase name="Register_05_Valid_Data" time="2.552" classname="com.liveguru.user.User_01_Register_to_System_Multi_Browser"/>
</testsuite> <!-- RUN ON CHROME -->
